  20174438_1(2).c
c:\users\windows10\desktop\자료구조복습\assign\20174438_1(2).c(24): warning C4101: 'k' :참조되지 않은 지역 변수입니다.
c:\users\windows10\desktop\자료구조복습\assign\20174438_1(2).c(21): warning C4101: 'e_temp' :참조되지 않은 지역 변수입니다.
c:\users\windows10\desktop\자료구조복습\assign\20174438_1(2).c(106): warning C4244: '=': 'double'에서 'int'(으)로 변환하면서 데이터가 손실될 수 있습니다.
c:\users\windows10\desktop\자료구조복습\assign\20174438_1(2).c(119): warning C4996: 'scanf': This function or variable may be unsafe. Consider using scanf_s instead. To disable deprecation, use _CRT_SECURE_NO_WARNINGS. See online help for details.
  c:\program files (x86)\windows kits\10\include\10.0.15063.0\ucrt\stdio.h(1272): note: 'scanf' 선언을 참조하십시오.
c:\users\windows10\desktop\자료구조복습\assign\20174438_1(2).c(123): warning C4996: 'scanf': This function or variable may be unsafe. Consider using scanf_s instead. To disable deprecation, use _CRT_SECURE_NO_WARNINGS. See online help for details.
  c:\program files (x86)\windows kits\10\include\10.0.15063.0\ucrt\stdio.h(1272): note: 'scanf' 선언을 참조하십시오.
c:\users\windows10\desktop\자료구조복습\assign\20174438_1(2).c(124): warning C4996: 'scanf': This function or variable may be unsafe. Consider using scanf_s instead. To disable deprecation, use _CRT_SECURE_NO_WARNINGS. See online help for details.
  c:\program files (x86)\windows kits\10\include\10.0.15063.0\ucrt\stdio.h(1272): note: 'scanf' 선언을 참조하십시오.
c:\users\windows10\desktop\자료구조복습\assign\20174438_1(2).c(127): warning C4996: 'scanf': This function or variable may be unsafe. Consider using scanf_s instead. To disable deprecation, use _CRT_SECURE_NO_WARNINGS. See online help for details.
  c:\program files (x86)\windows kits\10\include\10.0.15063.0\ucrt\stdio.h(1272): note: 'scanf' 선언을 참조하십시오.
c:\users\windows10\desktop\자료구조복습\assign\20174438_1(2).c(131): warning C4996: 'scanf': This function or variable may be unsafe. Consider using scanf_s instead. To disable deprecation, use _CRT_SECURE_NO_WARNINGS. See online help for details.
  c:\program files (x86)\windows kits\10\include\10.0.15063.0\ucrt\stdio.h(1272): note: 'scanf' 선언을 참조하십시오.
c:\users\windows10\desktop\자료구조복습\assign\20174438_1(2).c(132): warning C4996: 'scanf': This function or variable may be unsafe. Consider using scanf_s instead. To disable deprecation, use _CRT_SECURE_NO_WARNINGS. See online help for details.
  c:\program files (x86)\windows kits\10\include\10.0.15063.0\ucrt\stdio.h(1272): note: 'scanf' 선언을 참조하십시오.
c:\users\windows10\desktop\자료구조복습\assign\20174438_1(2).c(149): warning C4996: 'scanf': This function or variable may be unsafe. Consider using scanf_s instead. To disable deprecation, use _CRT_SECURE_NO_WARNINGS. See online help for details.
  c:\program files (x86)\windows kits\10\include\10.0.15063.0\ucrt\stdio.h(1272): note: 'scanf' 선언을 참조하십시오.
c:\users\windows10\desktop\자료구조복습\assign\20174438_1(2).c(150): warning C4996: 'scanf': This function or variable may be unsafe. Consider using scanf_s instead. To disable deprecation, use _CRT_SECURE_NO_WARNINGS. See online help for details.
  c:\program files (x86)\windows kits\10\include\10.0.15063.0\ucrt\stdio.h(1272): note: 'scanf' 선언을 참조하십시오.
  assign.vcxproj -> C:\Users\windows10\Desktop\자료구조복습\assign\Debug\assign.exe
  assign.vcxproj -> C:\Users\windows10\Desktop\자료구조복습\assign\Debug\assign.pdb (Partial PDB)
